[
    "\/Users\/qasim\/Documents\/Projects\/web\/vendor\/symfony\/var-dumper\/Resources\/functions\/dump.php",
    66,
    "swoole exit"
][
    "\/Users\/qasim\/Documents\/Projects\/web\/vendor\/symfony\/var-dumper\/Resources\/functions\/dump.php",
    66,
    "swoole exit"
][
    "\/Users\/qasim\/Documents\/Projects\/web\/vendor\/symfony\/var-dumper\/Resources\/functions\/dump.php",
    66,
    "swoole exit"
][
    "\/Users\/qasim\/Documents\/Projects\/web\/vendor\/symfony\/var-dumper\/Resources\/functions\/dump.php",
    66,
    "swoole exit"
][
    "\/Users\/qasim\/Documents\/Projects\/web\/vendor\/symfony\/var-dumper\/Resources\/functions\/dump.php",
    66,
    "swoole exit"
][
    "\/Users\/qasim\/Documents\/Projects\/web\/vendor\/symfony\/var-dumper\/Resources\/functions\/dump.php",
    66,
    "swoole exit"
][
    "\/Users\/qasim\/Documents\/Projects\/web\/vendor\/symfony\/var-dumper\/Resources\/functions\/dump.php",
    66,
    "swoole exit"
][
    "\/Users\/qasim\/Documents\/Projects\/web\/vendor\/symfony\/var-dumper\/Resources\/functions\/dump.php",
    66,
    "swoole exit"
][
    "\/Users\/qasim\/Documents\/Projects\/web\/vendor\/symfony\/var-dumper\/Resources\/functions\/dump.php",
    66,
    "swoole exit"
][
    "\/Users\/qasim\/Documents\/Projects\/web\/vendor\/symfony\/var-dumper\/Resources\/functions\/dump.php",
    66,
    "swoole exit"
][
    "\/Users\/qasim\/Documents\/Projects\/web\/vendor\/symfony\/var-dumper\/Resources\/functions\/dump.php",
    66,
    "swoole exit"
][
    "\/Users\/qasim\/Documents\/Projects\/web\/vendor\/symfony\/var-dumper\/Resources\/functions\/dump.php",
    66,
    "swoole exit"
][
    "\/Users\/qasim\/Documents\/Projects\/web\/vendor\/symfony\/var-dumper\/Resources\/functions\/dump.php",
    66,
    "swoole exit"
][
    "\/Users\/qasim\/Documents\/Projects\/web\/vendor\/symfony\/var-dumper\/Resources\/functions\/dump.php",
    66,
    "swoole exit"
][
    "\/Users\/qasim\/Documents\/Projects\/web\/vendor\/symfony\/var-dumper\/Resources\/functions\/dump.php",
    66,
    "swoole exit"
][
    "\/Users\/qasim\/Documents\/Projects\/web\/vendor\/symfony\/var-dumper\/Resources\/functions\/dump.php",
    66,
    "swoole exit"
][
    "\/Users\/qasim\/Documents\/Projects\/web\/vendor\/symfony\/var-dumper\/Resources\/functions\/dump.php",
    66,
    "swoole exit"
][
    "\/Users\/qasim\/Documents\/Projects\/web\/vendor\/symfony\/var-dumper\/Resources\/functions\/dump.php",
    66,
    "swoole exit"
][
    "\/Users\/qasim\/Documents\/Projects\/web\/vendor\/symfony\/var-dumper\/Resources\/functions\/dump.php",
    66,
    "swoole exit"
]